<?xml version="1.0" encoding="UTF-8"?>
<testsuite xmlns:xsi="http://www.w3.org/2001/XMLSchema-instance" xsi:noNamespaceSchemaLocation="https://maven.apache.org/surefire/maven-surefire-plugin/xsd/surefire-test-report.xsd" version="3.0.2" name="com.YtTool.YtToolApplicationTests" time="5.744" tests="1" errors="0" skipped="0" failures="0" flakes="0">
  <properties>
[...]
</properties>
  <testcase name="contextLoads" classname="com.YtTool.YtToolApplicationTests" time="1.289">
    <system-out><![CDATA[18:14:49.420 [main] INFO org.springframework.test.context.support.AnnotationConfigContextLoaderUtils -- Could not detect default configuration classes for test class [com.YtTool.YtToolApplicationTests]: YtToolApplicationTests does not declare any static, non-private, non-final, nested classes annotated with @Configuration.
18:14:49.695 [main] INFO org.springframework.boot.test.context.SpringBootTestContextBootstrapper -- Found @SpringBootConfiguration com.YtTool.YtToolApplication for test class com.YtTool.YtToolApplicationTests
18:14:49.881 [main] INFO org.springframework.test.context.support.AnnotationConfigContextLoaderUtils -- Could not detect default configuration classes for test class [com.YtTool.YtToolApplicationTests]: YtToolApplicationTests does not declare any static, non-private, non-final, nested classes annotated with @Configuration.
18:14:49.883 [main] INFO org.springframework.boot.test.context.SpringBootTestContextBootstrapper -- Found @SpringBootConfiguration com.YtTool.YtToolApplication for test class com.YtTool.YtToolApplicationTests
18:14:50.061 [main] INFO org.springframework.boot.devtools.restart.RestartApplicationListener -- Restart disabled due to context in which it is running

  .   ____          _            __ _ _
 /\\ / ___'_ __ _ _(_)_ __  __ _ \ \ \ \
( ( )\___ | '_ | '_| | '_ \/ _` | \ \ \ \
 \\/  ___)| |_)| | | | | || (_| |  ) ) ) )
  '  |____| .__|_| |_|_| |_\__, | / / / /
 =========|_|==============|___/=/_/_/_/

 :: Spring Boot ::                (v4.0.6)

2026-05-07T18:14:50.640+05:30  INFO 8116 --- [YtTool] [           main] com.YtTool.YtToolApplicationTests        : Starting YtToolApplicationTests using Java 17.0.11 with PID 8116 (started by hp in C:\Users\hp\OneDrive\Desktop\Other Project of Spring Boot\YtTool\YtTool)
2026-05-07T18:14:50.646+05:30  INFO 8116 --- [YtTool] [           main] com.YtTool.YtToolApplicationTests        : No active profile set, falling back to 1 default profile: "default"
2026-05-07T18:14:53.339+05:30  INFO 8116 --- [YtTool] [           main] com.YtTool.YtToolApplicationTests        : Started YtToolApplicationTests in 3.295 seconds (process running for 5.806)
]]></system-out>
  </testcase>
</testsuite>